<?xml version="1.0" encoding="utf-8"?><testsuites name="pytest tests"><testsuite name="pytest" errors="0" failures="0" skipped="0" tests="16" time="12.530" timestamp="2026-08-14T13:10:45.678053+00:00" hostname="agent-env-5f723732-df98-4447-95ff-28d74d132f36"><testcase classname="tests.test_aida_backend.TestHealthAndSeed" name="test_root" time="0.453" /><testcase classname="tests.test_aida_backend.TestProfiles" name="test_list_profiles" time="0.384" /><testcase classname="tests.test_aida_backend.TestProfiles" name="test_create_update_delete_profile" time="0.433" /><testcase classname="tests.test_aida_backend.TestHealthAndSeed" name="test_seed_returns_profiles" time="0.071" /><testcase classname="tests.test_aida_backend.TestHealthAndSeed" name="test_seed_idempotent" time="0.162" /><testcase classname="tests.test_aida_backend.TestPuzzle" name="test_get_default_puzzle" time="0.148" /><testcase classname="tests.test_aida_backend.TestReadiness" name="test_readiness_scores" time="0.069" /><testcase classname="tests.test_aida_backend.TestPuzzle" name="test_save_and_read_puzzle" time="0.150" /><testcase classname="tests.test_aida_backend.TestReadiness" name="test_readiness_404" time="0.109" /><testcase classname="tests.test_aida_backend.TestGamification" name="test_gamification" time="0.074" /><testcase classname="tests.test_aida_backend.TestSymptoms" name="test_symptom_flow" time="0.319" /><testcase classname="tests.test_aida_backend.TestMedications" name="test_medication_flow" time="0.313" /><testcase classname="tests.test_aida_backend.TestLabs" name="test_lab_manual_flow" time="0.308" /><testcase classname="tests.test_aida_backend.TestChat" name="test_chat_and_persist" time="5.564" /><testcase classname="tests.test_aida_backend.TestReport" name="test_report" time="0.414" /><testcase classname="tests.test_aida_backend.TestLabUpload" name="test_upload_lab_image" time="5.255" /></testsuite></testsuites>