<?xml version="1.0" encoding="utf-8"?><testsuites name="pytest tests"><testsuite name="pytest" errors="0" failures="0" skipped="0" tests="23" time="13.887" timestamp="2026-08-14T13:26:42.000924+00:00" hostname="agent-env-5f723732-df98-4447-95ff-28d74d132f36"><testcase classname="tests.test_aida_backend.TestHealthAndSeed" name="test_root" time="0.450" /><testcase classname="tests.test_aida_backend.TestProfiles" name="test_list_profiles" time="0.394" /><testcase classname="tests.test_aida_backend.TestProfiles" name="test_create_update_delete_profile" time="0.455" /><testcase classname="tests.test_aida_backend.TestHealthAndSeed" name="test_seed_returns_profiles" time="0.080" /><testcase classname="tests.test_aida_backend.TestHealthAndSeed" name="test_seed_idempotent" time="0.238" /><testcase classname="tests.test_aida_backend.TestReadiness" name="test_readiness_scores" time="0.108" /><testcase classname="tests.test_aida_backend.TestPuzzle" name="test_get_default_puzzle" time="0.199" /><testcase classname="tests.test_aida_backend.TestReadiness" name="test_readiness_404" time="0.080" /><testcase classname="tests.test_aida_backend.TestPuzzle" name="test_save_and_read_puzzle" time="0.205" /><testcase classname="tests.test_aida_new_endpoints.TestTasks" name="test_task_flow" time="0.447" /><testcase classname="tests.test_aida_new_endpoints.TestVitals" name="test_bp_flow" time="0.326" /><testcase classname="tests.test_aida_new_endpoints.TestTasks" name="test_toggle_nonexistent" time="0.085" /><testcase classname="tests.test_aida_new_endpoints.TestVitals" name="test_weight_vital" time="0.245" /><testcase classname="tests.test_aida_new_endpoints.TestOverview" name="test_overview_ru" time="3.167" /><testcase classname="tests.test_aida_backend.TestGamification" name="test_gamification" time="0.081" /><testcase classname="tests.test_aida_backend.TestSymptoms" name="test_symptom_flow" time="0.305" /><testcase classname="tests.test_aida_backend.TestLabs" name="test_lab_manual_flow" time="0.227" /><testcase classname="tests.test_aida_backend.TestChat" name="test_chat_and_persist" time="3.561" /><testcase classname="tests.test_aida_new_endpoints.TestOverview" name="test_overview_404" time="0.083" /><testcase classname="tests.test_aida_backend.TestMedications" name="test_medication_flow" time="0.300" /><testcase classname="tests.test_aida_new_endpoints.TestCheckins" name="test_checkin_flow" time="0.223" /><testcase classname="tests.test_aida_backend.TestReport" name="test_report" time="5.398" /><testcase classname="tests.test_aida_backend.TestLabUpload" name="test_upload_lab_image" time="2.257" /></testsuite></testsuites>